2023-07-16 17:29:04.576697 - INFO PortOpen
2023-07-16 17:29:04.616591 - WARNING WatchdogExpired
2023-07-16 17:29:04.625089 - CRITICAL FileSysFull
2023-07-16 17:29:04.626109 - ERROR LightFault
2023-07-16 17:29:04.664515 - INFO GreenLightOn
2023-07-16 17:29:04.706437 - INFO GreenLightOn
2023-07-16 17:29:04.757300 - ERROR BadNumber
2023-07-16 17:29:04.765279 - WARNING TimingSlip
2023-07-16 17:29:04.806167 - CRITICAL UnauthorizedDetected
2023-07-16 17:29:04.850020 - ERROR BadNumber
2023-07-16 17:29:04.871961 - WARNING TimingSlip
2023-07-16 17:29:04.885955 - CRITICAL CPUPLUS150
2023-07-16 17:29:04.932798 - CRITICAL UnauthorizedDetected
2023-07-16 17:29:04.968738 - CRITICAL UnauthorizedDetected
2023-07-16 17:29:04.970274 - WARNING ThresholdAlert
2023-07-16 17:29:05.008171 - ERROR LightFault
2023-07-16 17:29:05.025163 - ERROR CorruptFile
2023-07-16 17:29:05.075290 - ERROR BadNumber
2023-07-16 17:29:05.086254 - CRITICAL CPUPLUS150
2023-07-16 17:29:05.087264 - WARNING CPUOVER80
2023-07-16 17:29:05.091287 - ERROR CorruptFile
2023-07-16 17:29:05.107243 - WARNING ThresholdAlert
2023-07-16 17:29:05.119210 - INFO PortOpen
2023-07-16 17:29:05.133174 - ERROR UnexpectedSysEntry
2023-07-16 17:29:05.184039 - CRITICAL FileSysFull
2023-07-16 17:29:05.211001 - ERROR BadNumber
2023-07-16 17:29:05.250777 - ERROR BadNumber
2023-07-16 17:29:05.295661 - WARNING CPUOVER80
2023-07-16 17:29:05.308629 - CRITICAL CPUPLUS150
2023-07-16 17:29:05.337209 - INFO BlueLightOn
2023-07-16 17:29:05.349205 - CRITICAL UnauthorizedDetected
2023-07-16 17:29:05.358007 - INFO BlueLightOn
2023-07-16 17:29:05.382978 - INFO GreenLightOn
2023-07-16 17:29:05.384934 - ERROR LightFault
2023-07-16 17:29:05.431850 - CRITICAL CPUPLUS150
2023-07-16 17:29:05.451757 - WARNING WatchdogExpired
2023-07-16 17:29:05.458330 - ERROR CorruptFile
2023-07-16 17:29:05.491271 - CRITICAL UnauthorizedDetected
2023-07-16 17:29:05.497248 - INFO BlueLightOn
2023-07-16 17:29:05.501235 - WARNING ThresholdAlert
2023-07-16 17:29:05.527181 - WARNING TimingSlip
2023-07-16 17:29:05.567067 - INFO PortOpen
2023-07-16 17:29:05.580000 - WARNING CPUOVER80
2023-07-16 17:29:05.614940 - ERROR CorruptFile
2023-07-16 17:29:05.627875 - INFO SysCheckOK
2023-07-16 17:29:05.652845 - ERROR BadNumber
2023-07-16 17:29:05.661817 - INFO PortOpen
2023-07-16 17:29:05.704700 - INFO SysCheckOK
2023-07-16 17:29:05.721624 - CRITICAL CPUPLUS150
2023-07-16 17:29:05.757566 - ERROR LightFault
2023-07-16 17:29:05.766540 - WARNING CPUOVER80
2023-07-16 17:29:05.773522 - INFO GreenLightOn
2023-07-16 17:29:05.793957 - ERROR BadNumber
2023-07-16 17:29:05.803930 - CRITICAL FileSysFull
2023-07-16 17:29:05.809956 - ERROR CorruptFile
2023-07-16 17:29:05.852839 - ERROR BadNumber
2023-07-16 17:29:05.856827 - INFO GreenLightOn
2023-07-16 17:29:05.874749 - WARNING WatchdogExpired
2023-07-16 17:29:05.899715 - ERROR BadNumber
2023-07-16 17:29:05.914672 - ERROR LightFault
2023-07-16 17:29:05.915677 - CRITICAL FileSysFull
2023-07-16 17:29:05.932667 - INFO GreenLightOn
2023-07-16 17:29:05.934206 - ERROR LightFault
2023-07-16 17:29:05.945753 - ERROR LightFault
2023-07-16 17:29:05.952739 - INFO PortOpen
2023-07-16 17:29:06.001607 - INFO SysCheckOK
2023-07-16 17:29:06.025600 - ERROR CorruptFile
2023-07-16 17:29:06.051555 - WARNING ThresholdAlert
2023-07-16 17:29:06.077451 - WARNING ThresholdAlert
2023-07-16 17:29:06.102416 - ERROR UnexpectedSysEntry
2023-07-16 17:29:06.131345 - INFO BlueLightOn
2023-07-16 17:29:06.171200 - CRITICAL FileSysFull
2023-07-16 17:29:06.193142 - ERROR LightFault
2023-07-16 17:29:06.204149 - INFO SysCheckOK
2023-07-16 17:29:06.242049 - INFO SysCheckOK
2023-07-16 17:29:06.267946 - CRITICAL UnauthorizedDetected
2023-07-16 17:29:06.316820 - WARNING TimingSlip
2023-07-16 17:29:06.320809 - INFO PortOpen
2023-07-16 17:29:06.321817 - ERROR BadNumber
2023-07-16 17:29:06.348772 - WARNING ThresholdAlert
2023-07-16 17:29:06.361729 - INFO BlueLightOn
2023-07-16 17:29:06.394652 - WARNING ThresholdAlert
2023-07-16 17:29:06.409613 - INFO BlueLightOn
2023-07-16 17:29:06.421546 - INFO PortOpen
2023-07-16 17:29:06.456699 - WARNING CPUOVER80
2023-07-16 17:29:06.497168 - INFO SysCheckOK
2023-07-16 17:29:06.519679 - WARNING ThresholdAlert
2023-07-16 17:29:06.543615 - INFO SysCheckOK
2023-07-16 17:29:06.562532 - WARNING ThresholdAlert
2023-07-16 17:29:06.581482 - ERROR LightFault
2023-07-16 17:29:06.594479 - INFO SysCheckOK
2023-07-16 17:29:06.634372 - ERROR UnexpectedSysEntry
2023-07-16 17:29:06.677264 - WARNING CPUOVER80
2023-07-16 17:29:06.702214 - INFO SysCheckOK
2023-07-16 17:29:06.709213 - ERROR UnexpectedSysEntry
2023-07-16 17:29:06.748109 - CRITICAL UnauthorizedDetected
2023-07-16 17:29:06.771048 - CRITICAL UnauthorizedDetected
2023-07-16 17:29:06.789512 - CRITICAL UnauthorizedDetected
2023-07-16 17:29:06.814439 - WARNING CPUOVER80
2023-07-16 17:29:06.826407 - INFO GreenLightOn
2023-07-16 17:29:06.876274 - CRITICAL UnauthorizedDetected
2023-07-16 17:29:06.919167 - CRITICAL FileSysFull
2023-07-16 17:29:06.956066 - INFO GreenLightOn
2023-07-16 17:29:06.968034 - WARNING CPUOVER80
2023-07-16 17:29:06.989133 - ERROR UnexpectedSysEntry
2023-07-16 17:29:07.031007 - ERROR CorruptFile
2023-07-16 17:29:07.051004 - ERROR BadNumber
2023-07-16 17:29:07.100860 - CRITICAL FileSysFull
2023-07-16 17:29:07.150744 - INFO SysCheckOK
2023-07-16 17:29:07.196616 - INFO GreenLightOn
2023-07-16 17:29:07.201621 - CRITICAL FileSysFull
2023-07-16 17:29:07.224578 - INFO PortOpen
2023-07-16 17:29:07.258461 - WARNING CPUOVER80
2023-07-16 17:29:07.267467 - WARNING WatchdogExpired
2023-07-16 17:29:07.309357 - ERROR LightFault
2023-07-16 17:29:07.317333 - ERROR BadNumber
2023-07-16 17:29:07.357195 - ERROR BadNumber
2023-07-16 17:29:07.358704 - INFO PortOpen
2023-07-16 17:29:07.388186 - WARNING CPUOVER80
2023-07-16 17:29:07.425088 - CRITICAL UnauthorizedDetected
2023-07-16 17:29:07.446026 - ERROR CorruptFile
2023-07-16 17:29:07.467006 - ERROR CorruptFile
2023-07-16 17:29:07.492901 - WARNING ThresholdAlert
2023-07-16 17:29:07.530841 - ERROR UnexpectedSysEntry
2023-07-16 17:29:07.555765 - WARNING WatchdogExpired
2023-07-16 17:29:07.580251 - INFO PortOpen
2023-07-16 17:29:07.617185 - WARNING ThresholdAlert
2023-07-16 17:29:07.642115 - WARNING ThresholdAlert
2023-07-16 17:29:07.673036 - ERROR LightFault
2023-07-16 17:29:07.719914 - CRITICAL UnauthorizedDetected
2023-07-16 17:29:07.728920 - CRITICAL CPUPLUS150
2023-07-16 17:29:07.775786 - WARNING WatchdogExpired
2023-07-16 17:29:07.799400 - WARNING ThresholdAlert
2023-07-16 17:29:07.836329 - INFO GreenLightOn
2023-07-16 17:29:07.839359 - ERROR UnexpectedSysEntry
2023-07-16 17:29:07.889193 - ERROR BadNumber
2023-07-16 17:29:07.938645 - ERROR LightFault
2023-07-16 17:29:07.987579 - INFO PortOpen
2023-07-16 17:29:08.011226 - WARNING ThresholdAlert
2023-07-16 17:29:08.012253 - WARNING ThresholdAlert
2023-07-16 17:29:08.058130 - ERROR UnexpectedSysEntry
2023-07-16 17:29:08.097993 - WARNING ThresholdAlert
2023-07-16 17:29:08.125952 - WARNING ThresholdAlert
2023-07-16 17:29:08.133930 - CRITICAL UnauthorizedDetected
2023-07-16 17:29:08.147861 - INFO PortOpen
2023-07-16 17:29:08.195730 - INFO BlueLightOn
2023-07-16 17:29:08.236653 - WARNING CPUOVER80
2023-07-16 17:29:08.255608 - CRITICAL FileSysFull
2023-07-16 17:29:08.281122 - CRITICAL FileSysFull
2023-07-16 17:29:08.301365 - CRITICAL CPUPLUS150
2023-07-16 17:29:08.343244 - WARNING TimingSlip
2023-07-16 17:29:08.346237 - INFO SysCheckOK
2023-07-16 17:29:08.355767 - INFO PortOpen
2023-07-16 17:29:08.378277 - ERROR CorruptFile
2023-07-16 17:29:08.421171 - INFO SysCheckOK
2023-07-16 17:29:08.435161 - ERROR UnexpectedSysEntry
2023-07-16 17:29:08.439676 - ERROR BadNumber
2023-07-16 17:29:08.475105 - INFO GreenLightOn
2023-07-16 17:29:08.506022 - CRITICAL CPUPLUS150
2023-07-16 17:29:08.511583 - ERROR LightFault
2023-07-16 17:29:08.523573 - ERROR BadNumber
2023-07-16 17:29:08.556461 - INFO PortOpen
2023-07-16 17:29:08.583427 - INFO GreenLightOn
2023-07-16 17:29:08.600376 - ERROR LightFault
2023-07-16 17:29:08.608355 - ERROR CorruptFile
2023-07-16 17:29:08.619293 - CRITICAL FileSysFull
2023-07-16 17:29:08.652242 - ERROR LightFault
2023-07-16 17:29:08.691144 - WARNING TimingSlip
2023-07-16 17:29:08.740064 - ERROR UnexpectedSysEntry
2023-07-16 17:29:08.766173 - ERROR BadNumber
2023-07-16 17:29:08.811058 - WARNING TimingSlip
2023-07-16 17:29:08.826048 - WARNING WatchdogExpired
2023-07-16 17:29:08.851660 - CRITICAL UnauthorizedDetected
2023-07-16 17:29:08.857673 - ERROR BadNumber
2023-07-16 17:29:08.898612 - WARNING WatchdogExpired
2023-07-16 17:29:08.928164 - WARNING WatchdogExpired
2023-07-16 17:29:08.967100 - CRITICAL FileSysFull
2023-07-16 17:29:08.976069 - CRITICAL CPUPLUS150
2023-07-16 17:29:09.015963 - CRITICAL UnauthorizedDetected
2023-07-16 17:29:09.053831 - WARNING ThresholdAlert
2023-07-16 17:29:09.089397 - ERROR LightFault
2023-07-16 17:29:09.122305 - CRITICAL FileSysFull
2023-07-16 17:29:09.147270 - CRITICAL CPUPLUS150
2023-07-16 17:29:09.177157 - INFO SysCheckOK
2023-07-16 17:29:09.212638 - CRITICAL UnauthorizedDetected
2023-07-16 17:29:09.222653 - WARNING CPUOVER80
2023-07-16 17:29:09.245627 - CRITICAL CPUPLUS150
2023-07-16 17:29:09.272556 - WARNING WatchdogExpired
2023-07-16 17:29:09.320992 - ERROR BadNumber
2023-07-16 17:29:09.336545 - CRITICAL CPUPLUS150
2023-07-16 17:29:09.374393 - INFO GreenLightOn
2023-07-16 17:29:09.419938 - WARNING WatchdogExpired
2023-07-16 17:29:09.421506 - ERROR LightFault
2023-07-16 17:29:09.424466 - ERROR LightFault
2023-07-16 17:29:09.469346 - INFO PortOpen
2023-07-16 17:29:09.469348 - KDJ3283S KDOOSIEL
2023-07-16 17:29:09.476359 - ERROR UnexpectedSysEntry
2023-07-16 17:29:09.524200 - WARNING TimingSlip
2023-07-16 17:29:09.528222 - CRITICAL FileSysFull
2023-07-16 17:29:09.564131 - ERROR UnexpectedSysEntry
2023-07-16 17:29:09.572692 - CRITICAL UnauthorizedDetected
2023-07-16 17:29:09.610655 - WARNING CPUOVER80
2023-07-16 17:29:09.651546 - INFO PortOpen
2023-07-16 17:29:09.693399 - CRITICAL FileSysFull
2023-07-16 17:29:09.716370 - WARNING TimingSlip
2023-07-16 17:29:09.747282 - ERROR BadNumber
2023-07-16 17:29:09.761250 - ERROR UnexpectedSysEntry
2023-07-16 17:29:09.794128 - INFO PortOpen
2023-07-16 17:29:09.799116 - ERROR BadNumber
2023-07-16 17:29:09.820099 - WARNING ThresholdAlert
2023-07-16 17:29:09.844065 - ERROR UnexpectedSysEntry
2023-07-16 17:29:09.850054 - WARNING WatchdogExpired
2023-07-16 17:29:09.879608 - INFO BlueLightOn
2023-07-16 17:29:09.911516 - CRITICAL CPUPLUS150
2023-07-16 17:29:09.947452 - ERROR UnexpectedSysEntry
2023-07-16 17:29:09.966372 - INFO SysCheckOK
2023-07-16 17:29:09.973352 - WARNING TimingSlip
2023-07-16 17:29:10.018267 - ERROR CorruptFile
2023-07-16 17:29:10.041246 - ERROR UnexpectedSysEntry
2023-07-16 17:29:10.060751 - INFO GreenLightOn
2023-07-16 17:29:10.079276 - INFO GreenLightOn
2023-07-16 17:29:10.096229 - WARNING TimingSlip
2023-07-16 17:29:10.135125 - CRITICAL CPUPLUS150
2023-07-16 17:29:10.139115 - WARNING CPUOVER80
2023-07-16 17:29:10.160064 - INFO PortOpen
2023-07-16 17:29:10.180008 - ERROR BadNumber
